<?xml version="1.0" encoding="UTF-8"?>
<testsuite xmlns:xsi="http://www.w3.org/2001/XMLSchema-instance" xsi:noNamespaceSchemaLocation="https://maven.apache.org/surefire/maven-surefire-plugin/xsd/surefire-test-report-3.0.xsd" version="3.0" name="es.file.json.TributoServiceTest" time="0.12" tests="9" errors="8" skipped="0" failures="1">
  <properties>
    <property name="java.specification.version" value="17"/>
    <property name="sun.jnu.encoding" value="UTF-8"/>
    <property name="java.class.path" value="/home/diego-febles-seoane/Escritorio/ejercicio-json/ejercicio-json/target/test-classes:/home/diego-febles-seoane/Escritorio/ejercicio-json/ejercicio-json/target/classes:/home/diego-febles-seoane/.m2/repository/org/junit/jupiter/junit-jupiter-api/5.6.0/junit-jupiter-api-5.6.0.jar:/home/diego-febles-seoane/.m2/repository/org/apiguardian/apiguardian-api/1.1.0/apiguardian-api-1.1.0.jar:/home/diego-febles-seoane/.m2/repository/org/opentest4j/opentest4j/1.2.0/opentest4j-1.2.0.jar:/home/diego-febles-seoane/.m2/repository/org/junit/platform/junit-platform-commons/1.6.0/junit-platform-commons-1.6.0.jar:/home/diego-febles-seoane/.m2/repository/org/junit/jupiter/junit-jupiter-engine/5.6.0/junit-jupiter-engine-5.6.0.jar:/home/diego-febles-seoane/.m2/repository/org/junit/platform/junit-platform-engine/1.6.0/junit-platform-engine-1.6.0.jar:/home/diego-febles-seoane/.m2/repository/org/mockito/mockito-core/2.21.0/mockito-core-2.21.0.jar:/home/diego-febles-seoane/.m2/repository/net/bytebuddy/byte-buddy/1.8.15/byte-buddy-1.8.15.jar:/home/diego-febles-seoane/.m2/repository/net/bytebuddy/byte-buddy-agent/1.8.15/byte-buddy-agent-1.8.15.jar:/home/diego-febles-seoane/.m2/repository/org/objenesis/objenesis/2.6/objenesis-2.6.jar:/home/diego-febles-seoane/.m2/repository/org/mockito/mockito-junit-jupiter/2.21.0/mockito-junit-jupiter-2.21.0.jar:/home/diego-febles-seoane/.m2/repository/com/fasterxml/jackson/core/jackson-databind/2.15.0/jackson-databind-2.15.0.jar:/home/diego-febles-seoane/.m2/repository/com/fasterxml/jackson/core/jackson-annotations/2.15.0/jackson-annotations-2.15.0.jar:/home/diego-febles-seoane/.m2/repository/com/fasterxml/jackson/core/jackson-core/2.15.0/jackson-core-2.15.0.jar:"/>
    <property name="java.vm.vendor" value="Ubuntu"/>
    <property name="sun.arch.data.model" value="64"/>
    <property name="java.vendor.url" value="https://ubuntu.com/"/>
    <property name="os.name" value="Linux"/>
    <property name="java.vm.specification.version" value="17"/>
    <property name="sun.java.launcher" value="SUN_STANDARD"/>
    <property name="user.country" value="ES"/>
    <property name="sun.boot.library.path" value="/usr/lib/jvm/java-17-openjdk-amd64/lib"/>
    <property name="sun.java.command" value="/home/diego-febles-seoane/Escritorio/ejercicio-json/ejercicio-json/target/surefire/surefirebooter5295608220204658845.jar /home/diego-febles-seoane/Escritorio/ejercicio-json/ejercicio-json/target/surefire 2025-02-24T18-33-17_685-jvmRun1 surefire10504477990230159205tmp surefire_04932108664842632065tmp"/>
    <property name="jdk.debug" value="release"/>
    <property name="surefire.test.class.path" value="/home/diego-febles-seoane/Escritorio/ejercicio-json/ejercicio-json/target/test-classes:/home/diego-febles-seoane/Escritorio/ejercicio-json/ejercicio-json/target/classes:/home/diego-febles-seoane/.m2/repository/org/junit/jupiter/junit-jupiter-api/5.6.0/junit-jupiter-api-5.6.0.jar:/home/diego-febles-seoane/.m2/repository/org/apiguardian/apiguardian-api/1.1.0/apiguardian-api-1.1.0.jar:/home/diego-febles-seoane/.m2/repository/org/opentest4j/opentest4j/1.2.0/opentest4j-1.2.0.jar:/home/diego-febles-seoane/.m2/repository/org/junit/platform/junit-platform-commons/1.6.0/junit-platform-commons-1.6.0.jar:/home/diego-febles-seoane/.m2/repository/org/junit/jupiter/junit-jupiter-engine/5.6.0/junit-jupiter-engine-5.6.0.jar:/home/diego-febles-seoane/.m2/repository/org/junit/platform/junit-platform-engine/1.6.0/junit-platform-engine-1.6.0.jar:/home/diego-febles-seoane/.m2/repository/org/mockito/mockito-core/2.21.0/mockito-core-2.21.0.jar:/home/diego-febles-seoane/.m2/repository/net/bytebuddy/byte-buddy/1.8.15/byte-buddy-1.8.15.jar:/home/diego-febles-seoane/.m2/repository/net/bytebuddy/byte-buddy-agent/1.8.15/byte-buddy-agent-1.8.15.jar:/home/diego-febles-seoane/.m2/repository/org/objenesis/objenesis/2.6/objenesis-2.6.jar:/home/diego-febles-seoane/.m2/repository/org/mockito/mockito-junit-jupiter/2.21.0/mockito-junit-jupiter-2.21.0.jar:/home/diego-febles-seoane/.m2/repository/com/fasterxml/jackson/core/jackson-databind/2.15.0/jackson-databind-2.15.0.jar:/home/diego-febles-seoane/.m2/repository/com/fasterxml/jackson/core/jackson-annotations/2.15.0/jackson-annotations-2.15.0.jar:/home/diego-febles-seoane/.m2/repository/com/fasterxml/jackson/core/jackson-core/2.15.0/jackson-core-2.15.0.jar:"/>
    <property name="sun.cpu.endian" value="little"/>
    <property name="user.home" value="/home/diego-febles-seoane"/>
    <property name="user.language" value="es"/>
    <property name="java.specification.vendor" value="Oracle Corporation"/>
    <property name="java.version.date" value="2025-01-21"/>
    <property name="java.home" value="/usr/lib/jvm/java-17-openjdk-amd64"/>
    <property name="file.separator" value="/"/>
    <property name="basedir" value="/home/diego-febles-seoane/Escritorio/ejercicio-json/ejercicio-json"/>
    <property name="java.vm.compressedOopsMode" value="Zero based"/>
    <property name="line.separator" value="&#10;"/>
    <property name="java.specification.name" value="Java Platform API Specification"/>
    <property name="java.vm.specification.vendor" value="Oracle Corporation"/>
    <property name="surefire.real.class.path" value="/home/diego-febles-seoane/Escritorio/ejercicio-json/ejercicio-json/target/surefire/surefirebooter5295608220204658845.jar"/>
    <property name="sun.management.compiler" value="HotSpot 64-Bit Tiered Compilers"/>
    <property name="java.runtime.version" value="17.0.14+7-Ubuntu-124.04"/>
    <property name="user.name" value="diego-febles-seoane"/>
    <property name="path.separator" value=":"/>
    <property name="os.version" value="6.8.0-53-generic"/>
    <property name="java.runtime.name" value="OpenJDK Runtime Environment"/>
    <property name="file.encoding" value="UTF-8"/>
    <property name="java.vm.name" value="OpenJDK 64-Bit Server VM"/>
    <property name="localRepository" value="/home/diego-febles-seoane/.m2/repository"/>
    <property name="java.vendor.url.bug" value="https://bugs.launchpad.net/ubuntu/+source/openjdk-17"/>
    <property name="java.io.tmpdir" value="/tmp"/>
    <property name="java.version" value="17.0.14"/>
    <property name="user.dir" value="/home/diego-febles-seoane/Escritorio/ejercicio-json/ejercicio-json"/>
    <property name="os.arch" value="amd64"/>
    <property name="java.vm.specification.name" value="Java Virtual Machine Specification"/>
    <property name="native.encoding" value="UTF-8"/>
    <property name="java.library.path" value="/usr/java/packages/lib:/usr/lib/x86_64-linux-gnu/jni:/lib/x86_64-linux-gnu:/usr/lib/x86_64-linux-gnu:/usr/lib/jni:/lib:/usr/lib"/>
    <property name="java.vm.info" value="mixed mode, sharing"/>
    <property name="java.vendor" value="Ubuntu"/>
    <property name="java.vm.version" value="17.0.14+7-Ubuntu-124.04"/>
    <property name="java.specification.maintenance.version" value="1"/>
    <property name="sun.io.unicode.encoding" value="UnicodeLittle"/>
    <property name="java.class.version" value="61.0"/>
  </properties>
  <testcase name="searchTributoByIdTest" classname="es.file.json.TributoServiceTest" time="0.062">
    <failure type="org.opentest4j.AssertionFailedError"><![CDATA[org.opentest4j.AssertionFailedError: expected: <es.file.json.dos.Tributo@76b07f29> but was: <null>
	at es.file.json.TributoServiceTest.searchTributoByIdTest(TributoServiceTest.java:56)
]]></failure>
  </testcase>
  <testcase name="addTributoNullTest" classname="es.file.json.TributoServiceTest" time="0.002">
    <error type="java.lang.NullPointerException"><![CDATA[java.lang.NullPointerException: Cannot invoke "java.util.List.size()" because the return value of "es.file.json.dos.TributoService.loadAll()" is null
	at es.file.json.TributoServiceTest.afterEach(TributoServiceTest.java:27)
]]></error>
  </testcase>
  <testcase name="searchListTributosRangeExistTest" classname="es.file.json.TributoServiceTest" time="0.002">
    <error type="java.lang.NullPointerException"><![CDATA[java.lang.NullPointerException: Cannot invoke "java.util.List.size()" because "tributos" is null
	at es.file.json.TributoServiceTest.searchListTributosRangeExistTest(TributoServiceTest.java:83)
]]></error>
  </testcase>
  <testcase name="searchTributoByIdNotExistTest" classname="es.file.json.TributoServiceTest" time="0.002">
    <error type="java.lang.NullPointerException"><![CDATA[java.lang.NullPointerException: Cannot invoke "java.util.List.size()" because the return value of "es.file.json.dos.TributoService.loadAll()" is null
	at es.file.json.TributoServiceTest.afterEach(TributoServiceTest.java:27)
]]></error>
  </testcase>
  <testcase name="searchTributoDeleteNotExistTest" classname="es.file.json.TributoServiceTest" time="0.001">
    <error type="java.lang.NullPointerException"><![CDATA[java.lang.NullPointerException: Cannot invoke "java.util.List.size()" because the return value of "es.file.json.dos.TributoService.loadAll()" is null
	at es.file.json.TributoServiceTest.afterEach(TributoServiceTest.java:27)
]]></error>
  </testcase>
  <testcase name="addTributoTest" classname="es.file.json.TributoServiceTest" time="0.003">
    <error type="java.lang.NullPointerException"><![CDATA[java.lang.NullPointerException: Cannot invoke "java.util.List.size()" because the return value of "es.file.json.dos.TributoService.loadAll()" is null
	at es.file.json.TributoServiceTest.addTributoTest(TributoServiceTest.java:38)
]]></error>
  </testcase>
  <testcase name="searchTributoByIdNegativoTest" classname="es.file.json.TributoServiceTest" time="0.001">
    <error type="java.lang.NullPointerException"><![CDATA[java.lang.NullPointerException: Cannot invoke "java.util.List.size()" because the return value of "es.file.json.dos.TributoService.loadAll()" is null
	at es.file.json.TributoServiceTest.afterEach(TributoServiceTest.java:27)
]]></error>
  </testcase>
  <testcase name="addTributoExistTest" classname="es.file.json.TributoServiceTest" time="0.001">
    <error type="java.lang.NullPointerException"><![CDATA[java.lang.NullPointerException: Cannot invoke "java.util.List.size()" because the return value of "es.file.json.dos.TributoService.loadAll()" is null
	at es.file.json.TributoServiceTest.afterEach(TributoServiceTest.java:27)
]]></error>
  </testcase>
  <testcase name="tributoNoEqualsTest" classname="es.file.json.TributoServiceTest" time="0.002">
    <error type="java.lang.NullPointerException"><![CDATA[java.lang.NullPointerException: Cannot invoke "java.util.List.size()" because the return value of "es.file.json.dos.TributoService.loadAll()" is null
	at es.file.json.TributoServiceTest.afterEach(TributoServiceTest.java:27)
]]></error>
  </testcase>
</testsuite>